<?xml version="1.0" encoding="UTF-8"?>
<testsuite xmlns:xsi="http://www.w3.org/2001/XMLSchema-instance" xsi:noNamespaceSchemaLocation="https://maven.apache.org/surefire/maven-surefire-plugin/xsd/surefire-test-report-3.0.xsd" version="3.0" name="com.example.dataDictionary.DataDictionaryApplicationTests" time="5.023" tests="1" errors="0" skipped="0" failures="0">
  <properties>
[...]
</properties>
  <testcase name="contextLoads" classname="com.example.dataDictionary.DataDictionaryApplicationTests" time="0.926">
    <system-out><![CDATA[11:13:56.617 [main] INFO org.springframework.test.context.support.AnnotationConfigContextLoaderUtils -- Could not detect default configuration classes for test class [com.example.dataDictionary.DataDictionaryApplicationTests]: DataDictionaryApplicationTests does not declare any static, non-private, non-final, nested classes annotated with @Configuration.
11:13:56.773 [main] INFO org.springframework.boot.test.context.SpringBootTestContextBootstrapper -- Found @SpringBootConfiguration com.example.dataDictionary.DataDictionaryApplication for test class com.example.dataDictionary.DataDictionaryApplicationTests

  .   ____          _            __ _ _
 /\\ / ___'_ __ _ _(_)_ __  __ _ \ \ \ \
( ( )\___ | '_ | '_| | '_ \/ _` | \ \ \ \
 \\/  ___)| |_)| | | | | || (_| |  ) ) ) )
  '  |____| .__|_| |_|_| |_\__, | / / / /
 =========|_|==============|___/=/_/_/_/
 :: Spring Boot ::                (v3.1.1)

2023-07-19T11:13:57.289+07:00  INFO 26563 --- [           main] c.e.d.DataDictionaryApplicationTests     : Starting DataDictionaryApplicationTests using Java 20.0.1 with PID 26563 (started by chayutphunpeth in /Users/chayutphunpeth/Desktop/intern/data-dictionary-generator)
2023-07-19T11:13:57.291+07:00  INFO 26563 --- [           main] c.e.d.DataDictionaryApplicationTests     : No active profile set, falling back to 1 default profile: "default"
2023-07-19T11:13:58.922+07:00  INFO 26563 --- [           main] o.s.b.a.w.s.WelcomePageHandlerMapping    : Adding welcome page template: index
2023-07-19T11:13:59.456+07:00  INFO 26563 --- [           main] com.zaxxer.hikari.HikariDataSource       : HikariPool-1 - Starting...
2023-07-19T11:13:59.742+07:00  INFO 26563 --- [           main] com.zaxxer.hikari.pool.HikariPool        : HikariPool-1 - Added connection conn0: url=jdbc:h2:mem:d68b0852-3c0e-4b6c-b4c2-6d1178e9fc18 user=[USERNAME]
2023-07-19T11:13:59.744+07:00  INFO 26563 --- [           main] com.zaxxer.hikari.HikariDataSource       : HikariPool-1 - Start completed.
2023-07-19T11:14:00.302+07:00  INFO 26563 --- [           main] o.s.b.a.e.web.EndpointLinksResolver      : Exposing 1 endpoint(s) beneath base path '/actuator'
2023-07-19T11:14:00.397+07:00  INFO 26563 --- [           main] c.e.d.DataDictionaryApplicationTests     : Started DataDictionaryApplicationTests in 3.416 seconds (process running for 4.602)
]]></system-out>
  </testcase>
</testsuite>